Determining if the pthread_create exist failed with the following output:
Change Dir: /home/shaoguoliang/GitClone/ROS_Learning/ee3305_path_plan_v2/build/CMakeFiles/CMakeTmp

Run Build Command:"/usr/bin/make" "cmTC_41e47/fast"
/usr/bin/make -f CMakeFiles/cmTC_41e47.dir/build.make CMakeFiles/cmTC_41e47.dir/build
make[1]: Entering directory '/home/shaoguoliang/GitClone/ROS_Learning/ee3305_path_plan_v2/build/CMakeFiles/CMakeTmp'
Building C object CMakeFiles/cmTC_41e47.dir/CheckSymbolExists.c.o
/usr/bin/cc     -o CMakeFiles/cmTC_41e47.dir/CheckSymbolExists.c.o   -c /home/shaoguoliang/GitClone/ROS_Learning/ee3305_path_plan_v2/build/CMakeFiles/CMakeTmp/CheckSymbolExists.c
Linking C executable cmTC_41e47
/usr/bin/cmake -E cmake_link_script CMakeFiles/cmTC_41e47.dir/link.txt --verbose=1
/usr/bin/cc       CMakeFiles/cmTC_41e47.dir/CheckSymbolExists.c.o  -o cmTC_41e47 -rdynamic 
CMakeFiles/cmTC_41e47.dir/CheckSymbolExists.c.o: In function `main':
CheckSymbolExists.c:(.text+0x16): undefined reference to `pthread_create'
collect2: error: ld returned 1 exit status
CMakeFiles/cmTC_41e47.dir/build.make:97: recipe for target 'cmTC_41e47' failed
make[1]: *** [cmTC_41e47] Error 1
make[1]: Leaving directory '/home/shaoguoliang/GitClone/ROS_Learning/ee3305_path_plan_v2/build/CMakeFiles/CMakeTmp'
Makefile:126: recipe for target 'cmTC_41e47/fast' failed
make: *** [cmTC_41e47/fast] Error 2

File /home/shaoguoliang/GitClone/ROS_Learning/ee3305_path_plan_v2/build/CMakeFiles/CMakeTmp/CheckSymbolExists.c:
/* */
#include <pthread.h>

int main(int argc, char** argv)
{
  (void)argv;
#ifndef pthread_create
  return ((int*)(&pthread_create))[argc];
#else
  (void)argc;
  return 0;
#endif
}

Determining if the function pthread_create exists in the pthreads failed with the following output:
Change Dir: /home/shaoguoliang/GitClone/ROS_Learning/ee3305_path_plan_v2/build/CMakeFiles/CMakeTmp

Run Build Command:"/usr/bin/make" "cmTC_58754/fast"
/usr/bin/make -f CMakeFiles/cmTC_58754.dir/build.make CMakeFiles/cmTC_58754.dir/build
make[1]: Entering directory '/home/shaoguoliang/GitClone/ROS_Learning/ee3305_path_plan_v2/build/CMakeFiles/CMakeTmp'
Building C object CMakeFiles/cmTC_58754.dir/CheckFunctionExists.c.o
/usr/bin/cc    -DCHECK_FUNCTION_EXISTS=pthread_create   -o CMakeFiles/cmTC_58754.dir/CheckFunctionExists.c.o   -c /usr/share/cmake-3.5/Modules/CheckFunctionExists.c
Linking C executable cmTC_58754
/usr/bin/cmake -E cmake_link_script CMakeFiles/cmTC_58754.dir/link.txt --verbose=1
/usr/bin/cc   -DCHECK_FUNCTION_EXISTS=pthread_create    CMakeFiles/cmTC_58754.dir/CheckFunctionExists.c.o  -o cmTC_58754 -rdynamic -lpthreads 
/usr/bin/ld: cannot find -lpthreads
collect2: error: ld returned 1 exit status
CMakeFiles/cmTC_58754.dir/build.make:97: recipe for target 'cmTC_58754' failed
make[1]: *** [cmTC_58754] Error 1
make[1]: Leaving directory '/home/shaoguoliang/GitClone/ROS_Learning/ee3305_path_plan_v2/build/CMakeFiles/CMakeTmp'
Makefile:126: recipe for target 'cmTC_58754/fast' failed
make: *** [cmTC_58754/fast] Error 2


